Performing C SOURCE FILE Test CMAKE_HAVE_LIBC_PTHREAD failed with the following output:
Change Dir: /opt/git_Pro/Daily_Code/concurrent_service/cmake-build-debug/CMakeFiles/CMakeTmp

Run Build Command(s):/opt/IDE/CLion-2022.2.4/clion-2022.2.4/bin/ninja/linux/ninja cmTC_19a7f && [1/2] Building C object CMakeFiles/cmTC_19a7f.dir/src.c.o
[2/2] Linking C executable cmTC_19a7f
FAILED: cmTC_19a7f 
: && /usr/bin/cc   CMakeFiles/cmTC_19a7f.dir/src.c.o -o cmTC_19a7f   && :
/usr/bin/ld: CMakeFiles/cmTC_19a7f.dir/src.c.o: in function `main':
src.c:(.text+0x46): undefined reference to `pthread_create'
/usr/bin/ld: src.c:(.text+0x52): undefined reference to `pthread_detach'
/usr/bin/ld: src.c:(.text+0x5e): undefined reference to `pthread_cancel'
/usr/bin/ld: src.c:(.text+0x6f): undefined reference to `pthread_join'
collect2: error: ld returned 1 exit status
ninja: build stopped: subcommand failed.


Source file was:
#include <pthread.h>

static void* test_func(void* data)
{
  return data;
}

int main(void)
{
  pthread_t thread;
  pthread_create(&thread, NULL, test_func, NULL);
  pthread_detach(thread);
  pthread_cancel(thread);
  pthread_join(thread, NULL);
  pthread_atfork(NULL, NULL, NULL);
  pthread_exit(NULL);

  return 0;
}

Determining if the function pthread_create exists in the pthreads failed with the following output:
Change Dir: /opt/git_Pro/Daily_Code/concurrent_service/cmake-build-debug/CMakeFiles/CMakeTmp

Run Build Command(s):/opt/IDE/CLion-2022.2.4/clion-2022.2.4/bin/ninja/linux/ninja cmTC_cc70d && [1/2] Building C object CMakeFiles/cmTC_cc70d.dir/CheckFunctionExists.c.o
[2/2] Linking C executable cmTC_cc70d
FAILED: cmTC_cc70d 
: && /usr/bin/cc -DCHECK_FUNCTION_EXISTS=pthread_create  CMakeFiles/cmTC_cc70d.dir/CheckFunctionExists.c.o -o cmTC_cc70d  -lpthreads && :
/usr/bin/ld: 找不到 -lpthreads
collect2: error: ld returned 1 exit status
ninja: build stopped: subcommand failed.



